<?xml version="1.0" encoding="UTF-8"?>
<testng-results ignored="0" total="1" passed="1" failed="0" skipped="0">
  <reporter-output>
  </reporter-output>
  <suite started-at="2023-09-11T14:14:56 WIB" name="Default suite" finished-at="2023-09-11T14:15:10 WIB" duration-ms="13927">
    <groups>
    </groups>
    <test started-at="2023-09-11T14:14:56 WIB" name="Default test" finished-at="2023-09-11T14:15:10 WIB" duration-ms="13927">
      <class name="com.hrmodule.testcases.LoginPageTest">
        <test-method is-config="true" signature="loadConfig()[pri:0, instance:com.hrmodule.testcases.LoginPageTest@642a7222]" started-at="2023-09-11T14:14:56 WIB" name="loadConfig" finished-at="2023-09-11T14:14:56 WIB" duration-ms="16" status="PASS">
          <reporter-output>
          </reporter-output>
        </test-method> <!-- loadConfig -->
        <test-method is-config="true" signature="Setup()[pri:0, instance:com.hrmodule.testcases.LoginPageTest@642a7222]" started-at="2023-09-11T14:14:56 WIB" name="Setup" finished-at="2023-09-11T14:15:06 WIB" duration-ms="9815" status="PASS">
          <reporter-output>
          </reporter-output>
        </test-method> <!-- Setup -->
        <test-method signature="LoginTest()[pri:0, instance:com.hrmodule.testcases.LoginPageTest@642a7222]" started-at="2023-09-11T14:15:06 WIB" name="LoginTest" finished-at="2023-09-11T14:15:10 WIB" duration-ms="3754" status="PASS">
          <reporter-output>
          </reporter-output>
        </test-method> <!-- LoginTest -->
        <test-method is-config="true" signature="TearDown()[pri:0, instance:com.hrmodule.testcases.LoginPageTest@642a7222]" started-at="2023-09-11T14:15:10 WIB" name="TearDown" finished-at="2023-09-11T14:15:10 WIB" duration-ms="281" status="PASS">
          <reporter-output>
          </reporter-output>
        </test-method> <!-- TearDown -->
      </class> <!-- com.hrmodule.testcases.LoginPageTest -->
    </test> <!-- Default test -->
  </suite> <!-- Default suite -->
</testng-results>
