<?xml version="1.0" encoding="UTF-8"?>
<testng-results ignored="0" total="1" passed="1" failed="0" skipped="0">
  <reporter-output>
  </reporter-output>
  <suite started-at="2023-09-17T23:37:49 WIB" name="Default suite" finished-at="2023-09-17T23:38:21 WIB" duration-ms="32746">
    <groups>
    </groups>
    <test started-at="2023-09-17T23:37:49 WIB" name="Default test" finished-at="2023-09-17T23:38:21 WIB" duration-ms="32746">
      <class name="com.hrmodule.testcases.AddUserTest">
        <test-method is-config="true" signature="loadConfig()[pri:0, instance:com.hrmodule.testcases.AddUserTest@415b0b49]" started-at="2023-09-17T23:37:49 WIB" name="loadConfig" finished-at="2023-09-17T23:37:49 WIB" duration-ms="16" status="PASS">
          <reporter-output>
          </reporter-output>
        </test-method> <!-- loadConfig -->
        <test-method is-config="true" signature="Setup()[pri:0, instance:com.hrmodule.testcases.AddUserTest@415b0b49]" started-at="2023-09-17T23:37:49 WIB" name="Setup" finished-at="2023-09-17T23:37:56 WIB" duration-ms="7028" status="PASS">
          <reporter-output>
          </reporter-output>
        </test-method> <!-- Setup -->
        <test-method signature="AddUser()[pri:0, instance:com.hrmodule.testcases.AddUserTest@415b0b49]" started-at="2023-09-17T23:37:56 WIB" name="AddUser" finished-at="2023-09-17T23:38:21 WIB" duration-ms="25264" status="PASS">
          <reporter-output>
          </reporter-output>
        </test-method> <!-- AddUser -->
        <test-method is-config="true" signature="TearDown()[pri:0, instance:com.hrmodule.testcases.AddUserTest@415b0b49]" started-at="2023-09-17T23:38:21 WIB" name="TearDown" finished-at="2023-09-17T23:38:21 WIB" duration-ms="367" status="PASS">
          <reporter-output>
          </reporter-output>
        </test-method> <!-- TearDown -->
      </class> <!-- com.hrmodule.testcases.AddUserTest -->
    </test> <!-- Default test -->
  </suite> <!-- Default suite -->
</testng-results>
